<?xml version="1.0" encoding="utf-8"?><testsuites name="pytest tests"><testsuite name="pytest" errors="0" failures="0" skipped="0" tests="13" time="2.066" timestamp="2026-04-24T09:23:56.734865+00:00" hostname="agent-env-9894df1a-4850-456f-81ac-0cf3ec8f1ed8"><testcase classname="tests.test_messale_api" name="test_root_ok" time="0.225" /><testcase classname="tests.test_messale_api" name="test_liturgy_today_structure" time="0.051" /><testcase classname="tests.test_messale_api" name="test_liturgy_today_cache_second_call" time="0.090" /><testcase classname="tests.test_messale_api" name="test_fixed_parts_all_present" time="0.045" /><testcase classname="tests.test_messale_api" name="test_atto_penitenziale_abc" time="0.046" /><testcase classname="tests.test_messale_api" name="test_prefaces_list" time="0.047" /><testcase classname="tests.test_messale_api" name="test_prefaces_filter_pasqua" time="0.044" /><testcase classname="tests.test_messale_api" name="test_eucharistic_prayers_four" time="0.042" /><testcase classname="tests.test_messale_api" name="test_calendar_saints_all" time="0.049" /><testcase classname="tests.test_messale_api" name="test_calendar_saints_christmas" time="0.048" /><testcase classname="tests.test_messale_api" name="test_votive_masses" time="0.044" /><testcase classname="tests.test_messale_api" name="test_refresh_liturgy" time="1.182" /><testcase classname="tests.test_messale_api" name="test_invalid_date_format" time="0.043" /></testsuite></testsuites>